
> @norish/web@0.17.3-beta build:web /home/hachebe/hellofresh-database/norish-repo/apps/web
> next build --debug

▲ Next.js 16.1.6 (Turbopack)

  Creating an optimized production build ...
✓ Compiled successfully in 20.3s
  Running TypeScript ...
  Collecting page data using 21 workers ...
⚠ Using edge runtime on a page currently disables static generation for that page
  Generating static pages using 21 workers (0/15) ...
Failed to build /_not-found/page: /_not-found (attempt 1 of 3) because it took more than 60 seconds. Retrying again shortly.
Failed to build /(app)/calendar/page: /calendar (attempt 1 of 3) because it took more than 60 seconds. Retrying again shortly.
Failed to build /(app)/groceries/page: /groceries (attempt 1 of 3) because it took more than 60 seconds. Retrying again shortly.
Failed to build /(app)/page: / (attempt 1 of 3) because it took more than 60 seconds. Retrying again shortly.
Failed to build /(app)/recipes/new/page: /recipes/new (attempt 1 of 3) because it took more than 60 seconds. Retrying again shortly.
Failed to build /(app)/settings/caldav/page: /settings/caldav (attempt 1 of 3) because it took more than 60 seconds. Retrying again shortly.
Failed to build /(app)/settings/household/page: /settings/household (attempt 1 of 3) because it took more than 60 seconds. Retrying again shortly.
Failed to build /(app)/settings/caldav/page: /settings/caldav (attempt 2 of 3) because it took more than 60 seconds. Retrying again shortly.
Failed to build /(app)/page: / (attempt 2 of 3) because it took more than 60 seconds. Retrying again shortly.
Failed to build /(app)/calendar/page: /calendar (attempt 2 of 3) because it took more than 60 seconds. Retrying again shortly.
Failed to build /(app)/groceries/page: /groceries (attempt 2 of 3) because it took more than 60 seconds. Retrying again shortly.
Failed to build /(app)/recipes/new/page: /recipes/new (attempt 2 of 3) because it took more than 60 seconds. Retrying again shortly.
Failed to build /_not-found/page: /_not-found (attempt 2 of 3) because it took more than 60 seconds. Retrying again shortly.
Failed to build /(app)/settings/household/page: /settings/household (attempt 2 of 3) because it took more than 60 seconds. Retrying again shortly.
Error: Static generation failed due to dynamic usage on /, reason: cookies
    at l (.next/server/chunks/ssr/_dc84c9a9._.js:8195:108068)
    at async (.next/server/chunks/ssr/_dc84c9a9._.js:8195:108281)
    at async (.next/server/chunks/ssr/_dc84c9a9._.js:8195:108810)
    at async (.next/server/chunks/ssr/_dc84c9a9._.js:8195:109077)
    at async (.next/server/chunks/ssr/[root-of-the-server]__cb3698de._.js:5:11245)
    at async l (.next/server/chunks/ssr/[root-of-the-server]__cb3698de._.js:5:17066)
  Generating static pages using 21 workers (2/15) 
Error: Static generation failed due to dynamic usage on /settings/household, reason: cookies
    at l (.next/server/chunks/ssr/_dc84c9a9._.js:8195:108068)
    at async (.next/server/chunks/ssr/_dc84c9a9._.js:8195:108281)
    at async (.next/server/chunks/ssr/_dc84c9a9._.js:8195:108810)
    at async (.next/server/chunks/ssr/_dc84c9a9._.js:8195:109077)
    at async (.next/server/chunks/ssr/[root-of-the-server]__cb3698de._.js:5:11245)
    at async l (.next/server/chunks/ssr/[root-of-the-server]__cb3698de._.js:5:17066)
  Generating static pages using 21 workers (3/15) 
Error: Static generation failed due to dynamic usage on /groceries, reason: cookies
    at l (.next/server/chunks/ssr/_dc84c9a9._.js:8195:108068)
    at async (.next/server/chunks/ssr/_dc84c9a9._.js:8195:108281)
    at async (.next/server/chunks/ssr/_dc84c9a9._.js:8195:108810)
    at async (.next/server/chunks/ssr/_dc84c9a9._.js:8195:109077)
    at async (.next/server/chunks/ssr/[root-of-the-server]__cb3698de._.js:5:11245)
    at async l (.next/server/chunks/ssr/[root-of-the-server]__cb3698de._.js:5:17066)
Error: Static generation failed due to dynamic usage on /calendar, reason: cookies
    at l (.next/server/chunks/ssr/_dc84c9a9._.js:8195:108068)
    at async (.next/server/chunks/ssr/_dc84c9a9._.js:8195:108281)
    at async (.next/server/chunks/ssr/_dc84c9a9._.js:8195:108810)
    at async (.next/server/chunks/ssr/_dc84c9a9._.js:8195:109077)
    at async (.next/server/chunks/ssr/[root-of-the-server]__cb3698de._.js:5:11245)
    at async l (.next/server/chunks/ssr/[root-of-the-server]__cb3698de._.js:5:17066)
Error: Static generation failed due to dynamic usage on /_not-found, reason: cookies
    at l (.next/server/chunks/ssr/_dc84c9a9._.js:8195:108068)
    at async (.next/server/chunks/ssr/_dc84c9a9._.js:8195:108281)
    at async (.next/server/chunks/ssr/_dc84c9a9._.js:8195:108810)
    at async (.next/server/chunks/ssr/_dc84c9a9._.js:8195:109077)
    at async (.next/server/chunks/ssr/[root-of-the-server]__cb3698de._.js:5:11245)
    at async l (.next/server/chunks/ssr/[root-of-the-server]__cb3698de._.js:5:17066)
Error: Static generation failed due to dynamic usage on /settings/caldav, reason: cookies
    at l (.next/server/chunks/ssr/_dc84c9a9._.js:8195:108068)
    at async (.next/server/chunks/ssr/_dc84c9a9._.js:8195:108281)
    at async (.next/server/chunks/ssr/_dc84c9a9._.js:8195:108810)
    at async (.next/server/chunks/ssr/_dc84c9a9._.js:8195:109077)
    at async (.next/server/chunks/ssr/[root-of-the-server]__cb3698de._.js:5:11245)
    at async l (.next/server/chunks/ssr/[root-of-the-server]__cb3698de._.js:5:17066)
  Generating static pages using 21 workers (7/15) 
Error: Static generation failed due to dynamic usage on /recipes/new, reason: cookies
    at l (.next/server/chunks/ssr/_dc84c9a9._.js:8195:108068)
    at async (.next/server/chunks/ssr/_dc84c9a9._.js:8195:108281)
    at async (.next/server/chunks/ssr/_dc84c9a9._.js:8195:108810)
    at async (.next/server/chunks/ssr/_dc84c9a9._.js:8195:109077)
    at async (.next/server/chunks/ssr/[root-of-the-server]__cb3698de._.js:5:11245)
    at async l (.next/server/chunks/ssr/[root-of-the-server]__cb3698de._.js:5:17066)
